<?xml version="1.0" encoding="UTF-8"?>
<Site BuildName="Win32-mingw32-make"
	BuildStamp="20230826-1624-Experimental"
	Name="PDX2-07609-L"
	Generator="ctest-3.26.4"
	CompilerName="C:/winlibs-x86_64-posix-seh-gcc-13.1.0/mingw64/bin/g++.exe"
	CompilerVersion="13.1.0"
	OSName="Windows"
	Hostname="PDX2-07609-L"
	OSRelease=" Professional"
	OSVersion=" (Build 9200)"
	OSPlatform="AMD64"
	Is64Bits="1"
	VendorString=""
	VendorID="Unknown Manufacturer"
	FamilyID="0"
	ModelID="0"
	ProcessorCacheSize="0"
	NumberOfLogicalCPU="8"
	NumberOfPhysicalCPU="4"
	TotalVirtualMemory="16739"
	TotalPhysicalMemory="8035"
	LogicalProcessorsPerPhysical="2"
	ProcessorClockFrequency="2112"
	>
	<Testing>
		<StartDateTime>Aug 26 09:24 Pacific Daylight Time</StartDateTime>
		<StartTestTime>1693067053</StartTestTime>
		<TestList/>
		<EndDateTime>Aug 26 09:24 Pacific Daylight Time</EndDateTime>
		<EndTestTime>1693067053</EndTestTime>
		<ElapsedMinutes>0</ElapsedMinutes>
	</Testing>
</Site>
